Request method:	GET
Request URI:	https://postman-echo.com/get
Proxy:			<none>
Request params:	<none>
Query params:	<none>
Form params:	<none>
Path params:	<none>
Headers:		Accept=*/*
Cookies:		<none>
Multiparts:		<none>
Body:			<none>
HTTP/1.1 200 OK
Date: Sun, 02 Jan 2022 18:05:13 GMT
Content-Type: application/json; charset=utf-8
Content-Length: 305
Connection: keep-alive
ETag: W/"131-kfZgj24XvebOZP1Li9VAnJL84XY"
Vary: Accept-Encoding
set-cookie: sails.sid=s%3APghaLLdAb2DomhZYFLzl8X463o00YPNl.ZW%2Bn4Y12uG1Pg1kgm52rv6qZzsWpV55feVuwG8AFPaA; Path=/; HttpOnly

{
    "args": {
        
    },
    "headers": {
        "x-forwarded-proto": "https",
        "x-forwarded-port": "443",
        "host": "postman-echo.com",
        "x-amzn-trace-id": "Root=1-61d1e959-11d1177c3ac013ba07a7f083",
        "accept": "*/*",
        "user-agent": "Apache-HttpClient/4.5.13 (Java/1.8.0_292)",
        "accept-encoding": "gzip,deflate"
    },
    "url": "https://postman-echo.com/get"
}
